<?xml version="1.0" encoding="utf-8"?><testsuites name="pytest tests"><testsuite name="pytest" errors="0" failures="0" skipped="0" tests="6" time="5.323" timestamp="2025-10-17T10:33:06.651157-05:00" hostname="Mac-Mini.local"><testcase classname="tests.test_pdf_processor.TestPDFProcessor" name="test_pdf_processing" time="0.139" /><testcase classname="tests.test_pdf_processor.TestPDFProcessor" name="test_download_pdf" time="0.570" /><testcase classname="tests.test_pdf_processor.TestPDFProcessor" name="test_save_results" time="0.112" /><testcase classname="tests.test_pdf_processor.TestPDFProcessor" name="test_main_function" time="0.058" /><testcase classname="tests.test_pdf_processor.TestPDFProcessor" name="test_main_function_with_exception" time="0.057" /><testcase classname="tests.test_pdf_processor.TestPDFProcessor" name="test_main_function_creates_data_directory" time="0.058" /></testsuite></testsuites>